<?xml version="1.0" encoding="UTF-8"?>
<testsuite xmlns:xsi="http://www.w3.org/2001/XMLSchema-instance" xsi:noNamespaceSchemaLocation="https://maven.apache.org/surefire/maven-surefire-plugin/xsd/surefire-test-report.xsd" name="tests.order.CreateOrderTest" time="28.789" tests="4" errors="0" skipped="0" failures="0">
  <properties>
[...]
</properties>
  <testcase name="createOrderWithoutIngredientTest" classname="tests.order.CreateOrderTest" time="12.692"/>
  <testcase name="createOrderWithAuthTest" classname="tests.order.CreateOrderTest" time="9.462"/>
  <testcase name="createOrderWithoutAuthTest" classname="tests.order.CreateOrderTest" time="0.6"/>
  <testcase name="createOrderBagIngredientTest" classname="tests.order.CreateOrderTest" time="5.491"/>
</testsuite>