-------------------------------------------------------------------------------
Test set: tests.user.UpdateUserTest
-------------------------------------------------------------------------------
Tests run: 7, Failures: 1, Errors: 0, Skipped: 0, Time elapsed: 14.064 s <<< FAILURE! - in tests.user.UpdateUserTest
updateSameEmailAfterloginTest(tests.user.UpdateUserTest)  Time elapsed: 1.258 s  <<< FAILURE!
java.lang.AssertionError: 
1 expectation failed.
Expected status code <403> but was <200>.

	at tests.user.UpdateUserTest.updateSameEmailAfterloginTest(UpdateUserTest.java:68)

