-------------------------------------------------------------------------------
Test set: tests.user.LoginUserTest
-------------------------------------------------------------------------------
Tests run: 7, Failures: 2, Errors: 0, Skipped: 0, Time elapsed: 19.683 s <<< FAILURE! - in tests.user.LoginUserTest
authorizeWithoutLoginTest(tests.user.LoginUserTest)  Time elapsed: 1.541 s  <<< FAILURE!
java.lang.AssertionError: 
1 expectation failed.
Expected status code <401> but was <200>.

	at tests.user.LoginUserTest.authorizeWithoutLoginTest(LoginUserTest.java:70)

authorizeWithErrorLoginTest(tests.user.LoginUserTest)  Time elapsed: 6.284 s  <<< FAILURE!
java.lang.AssertionError: 
1 expectation failed.
Expected status code <401> but was <200>.

	at tests.user.LoginUserTest.authorizeWithErrorLoginTest(LoginUserTest.java:43)

